2012-08-28 05:01:01 Notice: Notice (8): session_start(): ps_files_cleanup_dir: opendir(/var/lib/php5) failed: Permission denied (13) in [/var/www/dashboard/cake/libs/cake_session.php, line 587]
2012-08-28 05:37:56 Notice: Notice (8): session_start(): ps_files_cleanup_dir: opendir(/var/lib/php5) failed: Permission denied (13) in [/var/www/dashboard/cake/libs/cake_session.php, line 587]
2012-08-28 06:37:34 Notice: Notice (8): session_start(): ps_files_cleanup_dir: opendir(/var/lib/php5) failed: Permission denied (13) in [/var/www/dashboard/cake/libs/cake_session.php, line 587]
2012-08-28 07:12:04 Notice: Notice (8): session_start(): ps_files_cleanup_dir: opendir(/var/lib/php5) failed: Permission denied (13) in [/var/www/dashboard/cake/libs/cake_session.php, line 587]
2012-08-28 07:38:22 Notice: Notice (8): Undefined index: from_to in [/var/www/dashboard/app/models/timesheet.php, line 49]
2012-08-28 07:38:49 Notice: Notice (8): Undefined index: from_to in [/var/www/dashboard/app/models/timesheet.php, line 49]
2012-08-28 07:39:55 Notice: Notice (8): Undefined index: from_to in [/var/www/dashboard/app/models/timesheet.php, line 49]
2012-08-28 07:41:55 Notice: Notice (8): Undefined index: from_to in [/var/www/dashboard/app/models/timesheet.php, line 51]
2012-08-28 07:43:57 Notice: Notice (8): Undefined index: from_to in [/var/www/dashboard/app/models/timesheet.php, line 51]
2012-08-28 07:44:23 Notice: Notice (8): Undefined index: from_to in [/var/www/dashboard/app/models/timesheet.php, line 51]
2012-08-28 07:45:07 Notice: Notice (8): Undefined index: from_to in [/var/www/dashboard/app/models/timesheet.php, line 51]
2012-08-28 07:46:36 Notice: Notice (8): Undefined index: from_to in [/var/www/dashboard/app/models/timesheet.php, line 51]
2012-08-28 07:48:13 Notice: Notice (8): Undefined index: from_to in [/var/www/dashboard/app/models/timesheet.php, line 51]
2012-08-28 07:50:37 Notice: Notice (8): Undefined index: from_to in [/var/www/dashboard/app/models/timesheet.php, line 51]
2012-08-28 07:50:46 Notice: Notice (8): session_start(): ps_files_cleanup_dir: opendir(/var/lib/php5) failed: Permission denied (13) in [/var/www/dashboard/cake/libs/cake_session.php, line 587]
2012-08-28 07:51:06 Notice: Notice (8): Undefined index: from_to in [/var/www/dashboard/app/models/timesheet.php, line 51]
2012-08-28 07:55:02 Notice: Notice (8): Undefined index: from_to in [/var/www/dashboard/app/models/timesheet.php, line 51]
2012-08-28 09:34:59 Notice: Notice (8): session_start(): ps_files_cleanup_dir: opendir(/var/lib/php5) failed: Permission denied (13) in [/var/www/dashboard/cake/libs/cake_session.php, line 587]
2012-08-28 10:00:12 Notice: Notice (8): session_start(): ps_files_cleanup_dir: opendir(/var/lib/php5) failed: Permission denied (13) in [/var/www/dashboard/cake/libs/cake_session.php, line 587]
2012-08-28 10:42:42 Notice: Notice (8): session_start(): ps_files_cleanup_dir: opendir(/var/lib/php5) failed: Permission denied (13) in [/var/www/dashboard/cake/libs/cake_session.php, line 587]
2012-08-28 10:55:02 Notice: Notice (8): session_start(): ps_files_cleanup_dir: opendir(/var/lib/php5) failed: Permission denied (13) in [/var/www/dashboard/cake/libs/cake_session.php, line 587]
2012-08-29 05:15:01 Notice: Notice (8): session_start() [http://php.net/function.session-start]: ps_files_cleanup_dir: opendir(/var/lib/php5) failed: Permission denied (13) in [/var/www/dashboard/cake/libs/cake_session.php, line 587]
2012-08-29 05:40:21 Notice: Notice (8): session_start() [http://php.net/function.session-start]: ps_files_cleanup_dir: opendir(/var/lib/php5) failed: Permission denied (13) in [/var/www/dashboard/cake/libs/cake_session.php, line 587]
2012-08-29 07:10:47 Notice: Notice (8): Undefined index: assign_task in [/var/www/dashboard/app/views/timesheets/view.ctp, line 21]
2012-08-29 07:10:47 Notice: Notice (8): Undefined index: work_status in [/var/www/dashboard/app/views/timesheets/view.ctp, line 26]
2012-08-29 07:10:47 Notice: Notice (8): Undefined index: week_day in [/var/www/dashboard/app/views/timesheets/view.ctp, line 36]
2012-08-29 07:11:03 Notice: Notice (8): Undefined index: assign_task in [/var/www/dashboard/app/views/timesheets/view.ctp, line 21]
2012-08-29 07:11:03 Notice: Notice (8): Undefined index: work_status in [/var/www/dashboard/app/views/timesheets/view.ctp, line 26]
2012-08-29 07:11:03 Notice: Notice (8): Undefined index: week_day in [/var/www/dashboard/app/views/timesheets/view.ctp, line 36]
2012-08-29 07:12:49 Notice: Notice (8): Undefined index: assign_task in [/var/www/dashboard/app/views/timesheets/view.ctp, line 21]
2012-08-29 07:12:49 Notice: Notice (8): Undefined index: work_status in [/var/www/dashboard/app/views/timesheets/view.ctp, line 26]
2012-08-29 07:12:49 Notice: Notice (8): Undefined index: week_day in [/var/www/dashboard/app/views/timesheets/view.ctp, line 36]
2012-08-29 07:13:26 Notice: Notice (8): Undefined index: work_status in [/var/www/dashboard/app/views/timesheets/view.ctp, line 26]
2012-08-29 07:13:26 Notice: Notice (8): Undefined index: week_day in [/var/www/dashboard/app/views/timesheets/view.ctp, line 36]
2012-08-29 07:13:51 Notice: Notice (8): Undefined index: week_day in [/var/www/dashboard/app/views/timesheets/view.ctp, line 36]
2012-08-29 07:17:44 Notice: Notice (8): Undefined index: week_day in [/var/www/dashboard/app/views/timesheets/view.ctp, line 41]
2012-08-29 13:06:04 Notice: Notice (8): session_start() [http://php.net/function.session-start]: ps_files_cleanup_dir: opendir(/var/lib/php5) failed: Permission denied (13) in [/var/www/dashboard/cake/libs/cake_session.php, line 587]
2012-08-30 08:06:28 Notice: Notice (8): session_start() [http://php.net/function.session-start]: ps_files_cleanup_dir: opendir(/var/lib/php5) failed: Permission denied (13) in [/var/www/dashboard/cake/libs/cake_session.php, line 587]
2012-08-30 12:52:17 Notice: Notice (8): Undefined variable: model in [/var/www/dashboard/app/plugins/comments/controllers/comments_controller.php, line 73]
2012-08-30 12:52:17 Notice: Notice (8): Undefined variable: id in [/var/www/dashboard/app/plugins/comments/controllers/comments_controller.php, line 74]
2012-08-30 12:52:17 Notice: Notice (8): Undefined variable: model in [/var/www/dashboard/app/plugins/comments/controllers/comments_controller.php, line 85]
2012-08-30 12:52:17 Notice: Notice (8): Undefined variable: id in [/var/www/dashboard/app/plugins/comments/controllers/comments_controller.php, line 86]
2012-08-30 12:52:40 Notice: Notice (8): Undefined variable: model in [/var/www/dashboard/app/plugins/comments/controllers/comments_controller.php, line 73]
2012-08-30 12:52:40 Notice: Notice (8): Undefined variable: id in [/var/www/dashboard/app/plugins/comments/controllers/comments_controller.php, line 74]
2012-08-30 12:52:40 Notice: Notice (8): Undefined variable: model in [/var/www/dashboard/app/plugins/comments/controllers/comments_controller.php, line 85]
2012-08-30 12:52:40 Notice: Notice (8): Undefined variable: id in [/var/www/dashboard/app/plugins/comments/controllers/comments_controller.php, line 86]
2012-08-31 06:31:29 Notice: Notice (8): Undefined variable: model in [/var/www/dashboard/app/plugins/comments/controllers/comments_controller.php, line 73]
2012-08-31 06:31:29 Notice: Notice (8): Undefined variable: id in [/var/www/dashboard/app/plugins/comments/controllers/comments_controller.php, line 74]
2012-08-31 06:31:29 Notice: Notice (8): Undefined variable: model in [/var/www/dashboard/app/plugins/comments/controllers/comments_controller.php, line 85]
2012-08-31 06:31:29 Notice: Notice (8): Undefined variable: id in [/var/www/dashboard/app/plugins/comments/controllers/comments_controller.php, line 86]
2012-08-31 06:56:26 Notice: Notice (8): session_start() [http://php.net/function.session-start]: ps_files_cleanup_dir: opendir(/var/lib/php5) failed: Permission denied (13) in [/var/www/dashboard/cake/libs/cake_session.php, line 587]
2012-09-01 04:40:36 Notice: Notice (8): session_start() [http://php.net/function.session-start]: ps_files_cleanup_dir: opendir(/var/lib/php5) failed: Permission denied (13) in [/var/www/dashboard/cake/libs/cake_session.php, line 587]
2012-09-03 09:10:09 Notice: Notice (8): session_start() [http://php.net/function.session-start]: ps_files_cleanup_dir: opendir(/var/lib/php5) failed: Permission denied (13) in [/var/www/dashboard/cake/libs/cake_session.php, line 587]
2012-09-03 09:14:55 Notice: Notice (8): session_start() [http://php.net/function.session-start]: ps_files_cleanup_dir: opendir(/var/lib/php5) failed: Permission denied (13) in [/var/www/dashboard/cake/libs/cake_session.php, line 587]
2012-09-03 10:58:40 Notice: Notice (8): Use of undefined constant php - assumed 'php' in [/var/www/dashboard/app/views/projects/index.ctp, line 62]
2012-09-03 12:09:05 Notice: Notice (8): session_start() [http://php.net/function.session-start]: ps_files_cleanup_dir: opendir(/var/lib/php5) failed: Permission denied (13) in [/var/www/dashboard/cake/libs/cake_session.php, line 587]
2012-09-04 07:13:43 Notice: Notice (8): session_start() [http://php.net/function.session-start]: ps_files_cleanup_dir: opendir(/var/lib/php5) failed: Permission denied (13) in [/var/www/dashboard/cake/libs/cake_session.php, line 587]
2012-09-04 07:17:14 Notice: Notice (8): session_start() [http://php.net/function.session-start]: ps_files_cleanup_dir: opendir(/var/lib/php5) failed: Permission denied (13) in [/var/www/dashboard/cake/libs/cake_session.php, line 587]
2012-09-04 11:22:04 Notice: Notice (8): Undefined variable: project in [/var/www/dashboard/app/views/projects/index.ctp, line 2]
2012-09-04 11:22:28 Notice: Notice (8): Undefined variable: project in [/var/www/dashboard/app/views/projects/index.ctp, line 2]
2012-09-04 11:22:46 Notice: Notice (8): Undefined variable: project in [/var/www/dashboard/app/views/projects/index.ctp, line 2]
2012-09-04 11:22:54 Notice: Notice (8): Undefined variable: project in [/var/www/dashboard/app/views/projects/index.ctp, line 2]
2012-09-04 11:25:35 Notice: Notice (8): Undefined variable: project in [/var/www/dashboard/app/views/projects/index.ctp, line 2]
2012-09-07 08:41:50 Notice: Notice (8): Undefined index: loggerid in [/var/www/dashboard/app/views/timesheets/all.ctp, line 46]
2012-09-07 08:42:57 Notice: Notice (8): Undefined index: loggerid in [/var/www/dashboard/app/views/timesheets/all.ctp, line 46]
2012-09-07 08:42:57 Notice: Notice (8): Undefined variable: admin in [/var/www/dashboard/app/views/timesheets/all.ctp, line 119]
2012-09-07 08:42:57 Notice: Notice (8): Undefined index: logger in [/var/www/dashboard/app/views/timesheets/all.ctp, line 119]
2012-09-07 09:18:03 Notice: Notice (8): Undefined index: logger in [/var/www/dashboard/app/views/timesheets/all.ctp, line 119]
2012-09-07 09:25:12 Notice: Notice (8): Undefined index: logger in [/var/www/dashboard/app/views/timesheets/all.ctp, line 120]
2012-09-07 09:28:30 Notice: Notice (8): Undefined variable: admin in [/var/www/dashboard/app/views/timesheets/all.ctp, line 120]
2012-09-07 09:28:45 Notice: Notice (8): Undefined variable: admin in [/var/www/dashboard/app/views/timesheets/all.ctp, line 120]
2012-09-10 04:46:54 Notice: Notice (8): session_start() [http://php.net/function.session-start]: ps_files_cleanup_dir: opendir(/var/lib/php5) failed: Permission denied (13) in [/var/www/dashboard/cake/libs/cake_session.php, line 587]
2012-09-10 04:58:51 Notice: Notice (8): session_start() [http://php.net/function.session-start]: ps_files_cleanup_dir: opendir(/var/lib/php5) failed: Permission denied (13) in [/var/www/dashboard/cake/libs/cake_session.php, line 587]
2012-09-10 05:48:59 Notice: Notice (8): session_start() [http://php.net/function.session-start]: ps_files_cleanup_dir: opendir(/var/lib/php5) failed: Permission denied (13) in [/var/www/dashboard/cake/libs/cake_session.php, line 587]
2012-09-10 06:08:35 Notice: Notice (8): Array to string conversion in [/var/www/dashboard/cake/libs/model/datasources/dbo_source.php, line 747]
2012-09-10 06:34:58 Notice: Notice (8): Array to string conversion in [/var/www/dashboard/cake/libs/model/datasources/dbo_source.php, line 747]
2012-09-10 07:25:55 Notice: Notice (8): Undefined variable: coments in [/var/www/dashboard/app/plugins/coments/views/coments/index.ctp, line 21]
2012-09-10 07:29:51 Notice: Notice (8): session_start() [http://php.net/function.session-start]: ps_files_cleanup_dir: opendir(/var/lib/php5) failed: Permission denied (13) in [/var/www/dashboard/cake/libs/cake_session.php, line 587]
2012-09-10 08:20:12 Notice: Notice (8): session_start() [http://php.net/function.session-start]: ps_files_cleanup_dir: opendir(/var/lib/php5) failed: Permission denied (13) in [/var/www/dashboard/cake/libs/cake_session.php, line 587]
2012-09-10 14:35:08 Notice: Notice (8): session_start() [http://php.net/function.session-start]: ps_files_cleanup_dir: opendir(/var/lib/php5) failed: Permission denied (13) in [/var/www/dashboard/cake/libs/cake_session.php, line 587]
2012-09-10 15:18:19 Notice: Notice (8): session_start() [http://php.net/function.session-start]: ps_files_cleanup_dir: opendir(/var/lib/php5) failed: Permission denied (13) in [/var/www/dashboard/cake/libs/cake_session.php, line 587]
2012-09-10 16:57:25 Notice: Notice (8): session_start() [http://php.net/function.session-start]: ps_files_cleanup_dir: opendir(/var/lib/php5) failed: Permission denied (13) in [/var/www/dashboard/cake/libs/cake_session.php, line 587]
2012-09-10 17:25:01 Notice: Notice (8): session_start() [http://php.net/function.session-start]: ps_files_cleanup_dir: opendir(/var/lib/php5) failed: Permission denied (13) in [/var/www/dashboard/cake/libs/cake_session.php, line 587]
2012-09-10 17:28:30 Notice: Notice (8): Undefined index: from_date in [/var/www/dashboard/app/views/timesheets/index.ctp, line 43]
2012-09-10 17:29:37 Notice: Notice (8): Undefined index: from_date in [/var/www/dashboard/app/views/timesheets/index.ctp, line 43]
2012-09-10 17:30:58 Notice: Notice (8): Undefined index: from_date in [/var/www/dashboard/app/views/timesheets/index.ctp, line 43]
2012-09-10 17:36:12 Notice: Notice (8): Undefined index: from_date in [/var/www/dashboard/app/views/timesheets/index.ctp, line 43]
2012-09-10 17:37:23 Notice: Notice (8): Undefined index: from_date in [/var/www/dashboard/app/views/timesheets/index.ctp, line 43]
2012-09-10 17:37:26 Notice: Notice (8): Undefined index: from_date in [/var/www/dashboard/app/views/timesheets/index.ctp, line 43]
2012-09-10 17:37:35 Notice: Notice (8): Undefined index: from_date in [/var/www/dashboard/app/views/timesheets/index.ctp, line 43]
2012-09-10 17:37:53 Notice: Notice (8): Undefined index: from_date in [/var/www/dashboard/app/views/timesheets/index.ctp, line 43]
2012-09-10 17:39:16 Notice: Notice (8): Undefined index: from_date in [/var/www/dashboard/app/views/timesheets/index.ctp, line 43]
2012-09-10 17:40:12 Notice: Notice (8): Undefined index: from_date in [/var/www/dashboard/app/views/timesheets/index.ctp, line 43]
2012-09-10 17:42:28 Notice: Notice (8): Undefined index: from_date in [/var/www/dashboard/app/views/timesheets/view.ctp, line 42]
2012-09-10 17:43:43 Notice: Notice (8): Undefined index: from_date in [/var/www/dashboard/app/views/timesheets/index.ctp, line 43]
2012-09-10 17:45:30 Notice: Notice (8): Undefined index: from_date in [/var/www/dashboard/app/views/timesheets/index.ctp, line 43]
2012-09-10 17:48:31 Notice: Notice (8): Undefined index: from_date in [/var/www/dashboard/app/views/timesheets/index.ctp, line 43]
2012-09-10 17:48:36 Notice: Notice (8): Undefined index: from_date in [/var/www/dashboard/app/views/timesheets/index.ctp, line 43]
2012-09-10 17:49:08 Notice: Notice (8): Undefined index: from_date in [/var/www/dashboard/app/views/timesheets/index.ctp, line 43]
2012-09-10 17:49:13 Notice: Notice (8): Undefined index: from_date in [/var/www/dashboard/app/views/timesheets/index.ctp, line 43]
2012-09-10 17:50:50 Notice: Notice (8): Undefined index: from_date in [/var/www/dashboard/app/views/timesheets/view.ctp, line 42]
2012-09-10 17:50:55 Notice: Notice (8): Undefined index: from_date in [/var/www/dashboard/app/views/timesheets/view.ctp, line 42]
2012-09-10 17:51:45 Notice: Notice (8): Undefined index: from_date in [/var/www/dashboard/app/views/timesheets/view.ctp, line 42]
2012-09-10 17:52:41 Notice: Notice (8): Undefined index: from_date in [/var/www/dashboard/app/views/timesheets/view.ctp, line 42]
2012-09-10 17:53:43 Notice: Notice (8): Undefined index: from_date in [/var/www/dashboard/app/views/timesheets/view.ctp, line 42]
2012-09-10 17:54:30 Notice: Notice (8): Undefined index: from_date in [/var/www/dashboard/app/views/timesheets/view.ctp, line 42]
2012-09-10 17:54:35 Notice: Notice (8): Undefined index: from_date in [/var/www/dashboard/app/views/timesheets/view.ctp, line 42]
2012-09-10 17:57:28 Notice: Notice (8): session_start() [http://php.net/function.session-start]: ps_files_cleanup_dir: opendir(/var/lib/php5) failed: Permission denied (13) in [/var/www/dashboard/cake/libs/cake_session.php, line 587]
2012-09-11 11:02:43 Notice: Notice (8): Undefined index: user_id in [/var/www/dashboard/app/views/timesheets/index.ctp, line 34]
2012-09-11 11:03:17 Notice: Notice (8): Undefined index: user_id in [/var/www/dashboard/app/views/timesheets/index.ctp, line 34]
2012-09-11 11:10:18 Notice: Notice (8): Undefined index: user_id in [/var/www/dashboard/app/views/timesheets/index.ctp, line 34]
2012-09-11 11:16:43 Notice: Notice (8): Undefined index: created_by  in [/var/www/dashboard/app/views/timesheets/index.ctp, line 35]
2012-09-11 11:17:06 Notice: Notice (8): Undefined index: created_by  in [/var/www/dashboard/app/views/timesheets/index.ctp, line 35]
2012-09-11 12:06:46 Notice: Notice (8): Undefined index: modify in [/var/www/dashboard/app/views/timesheets/index.ctp, line 44]
2012-09-11 12:17:36 Notice: Notice (8): Use of undefined constant none - assumed 'none' in [/var/www/dashboard/app/views/timesheets/add.ctp, line 44]
2012-09-11 13:48:22 Notice: Notice (8): session_start() [http://php.net/function.session-start]: ps_files_cleanup_dir: opendir(/var/lib/php5) failed: Permission denied (13) in [/var/www/dashboard/cake/libs/cake_session.php, line 587]
2012-09-11 14:34:52 Notice: Notice (8): Array to string conversion in [/var/www/dashboard/cake/libs/model/datasources/dbo_source.php, line 747]
2012-09-11 15:13:21 Notice: Notice (8): session_start() [http://php.net/function.session-start]: ps_files_cleanup_dir: opendir(/var/lib/php5) failed: Permission denied (13) in [/var/www/dashboard/cake/libs/cake_session.php, line 587]
2012-09-11 16:36:44 Notice: Notice (8): session_start() [http://php.net/function.session-start]: ps_files_cleanup_dir: opendir(/var/lib/php5) failed: Permission denied (13) in [/var/www/dashboard/cake/libs/cake_session.php, line 587]
2012-09-11 16:41:07 Notice: Notice (8): session_start() [http://php.net/function.session-start]: ps_files_cleanup_dir: opendir(/var/lib/php5) failed: Permission denied (13) in [/var/www/dashboard/cake/libs/cake_session.php, line 587]
2012-09-11 16:56:22 Notice: Notice (8): session_start() [http://php.net/function.session-start]: ps_files_cleanup_dir: opendir(/var/lib/php5) failed: Permission denied (13) in [/var/www/dashboard/cake/libs/cake_session.php, line 587]
2012-09-11 17:04:32 Notice: Notice (8): session_start() [http://php.net/function.session-start]: ps_files_cleanup_dir: opendir(/var/lib/php5) failed: Permission denied (13) in [/var/www/dashboard/cake/libs/cake_session.php, line 587]
2012-09-11 18:18:26 Notice: Notice (8): Array to string conversion in [/var/www/dashboard/cake/libs/model/datasources/dbo_source.php, line 747]
2012-09-12 12:51:44 Notice: Notice (8): Array to string conversion in [/var/www/dashboard/cake/libs/model/datasources/dbo_source.php, line 747]
2012-09-12 13:52:05 Notice: Notice (8): session_start() [http://php.net/function.session-start]: ps_files_cleanup_dir: opendir(/var/lib/php5) failed: Permission denied (13) in [/var/www/dashboard/cake/libs/cake_session.php, line 587]
2012-09-12 16:28:39 Notice: Notice (8): Undefined index: team_id in [/var/www/dashboard/app/views/timesheets/index.ctp, line 35]
2012-09-12 17:53:52 Notice: Notice (8): Undefined variable: divId in [/var/www/dashboard/app/plugins/comments/views/comments/add.ctp, line 19]
2012-09-12 17:53:59 Notice: Notice (8): Uninitialized string offset: 0 in [/var/www/dashboard/app/models/upload.php, line 21]
2012-09-12 17:53:59 Notice: Notice (8): Uninitialized string offset: 0 in [/var/www/dashboard/app/models/upload.php, line 25]
2012-09-12 17:53:59 Notice: Notice (8): Undefined variable: divId in [/var/www/dashboard/app/plugins/comments/views/comments/add.ctp, line 19]
2012-09-12 17:54:15 Notice: Notice (8): Undefined variable: divId in [/var/www/dashboard/app/plugins/comments/views/comments/add.ctp, line 19]
2012-09-12 17:54:17 Notice: Notice (8): Undefined variable: divId in [/var/www/dashboard/app/plugins/comments/views/comments/add.ctp, line 19]
2012-09-12 17:54:17 Notice: Notice (8): Undefined variable: divId in [/var/www/dashboard/app/plugins/comments/views/comments/add.ctp, line 19]
2012-09-12 17:54:24 Notice: Notice (8): Undefined variable: divId in [/var/www/dashboard/app/plugins/comments/views/comments/add.ctp, line 19]
2012-09-12 17:54:50 Notice: Notice (8): Use of undefined constant php - assumed 'php' in [/var/www/dashboard/app/plugins/comments/views/comments/add.ctp, line 19]
2012-09-12 17:55:02 Notice: Notice (8): Uninitialized string offset: 0 in [/var/www/dashboard/app/models/upload.php, line 21]
2012-09-12 17:55:02 Notice: Notice (8): Uninitialized string offset: 0 in [/var/www/dashboard/app/models/upload.php, line 25]
2012-09-12 17:55:02 Notice: Notice (8): Use of undefined constant php - assumed 'php' in [/var/www/dashboard/app/plugins/comments/views/comments/add.ctp, line 19]
2012-09-12 17:55:05 Notice: Notice (8): Use of undefined constant php - assumed 'php' in [/var/www/dashboard/app/plugins/comments/views/comments/add.ctp, line 19]
2012-09-12 17:58:24 Notice: Notice (8): session_start() [http://php.net/function.session-start]: ps_files_cleanup_dir: opendir(/var/lib/php5) failed: Permission denied (13) in [/var/www/dashboard/cake/libs/cake_session.php, line 587]
2012-09-13 09:48:51 Notice: Notice (8): session_start() [http://php.net/function.session-start]: ps_files_cleanup_dir: opendir(/var/lib/php5) failed: Permission denied (13) in [/var/www/dashboard/cake/libs/cake_session.php, line 587]
2012-09-13 10:07:47 Notice: Notice (8): Array to string conversion in [/var/www/dashboard/cake/libs/model/datasources/dbo_source.php, line 2218]
2012-09-13 10:10:25 Notice: Notice (8): Array to string conversion in [/var/www/dashboard/cake/libs/model/datasources/dbo_source.php, line 2218]
2012-09-13 10:22:54 Notice: Notice (8): Undefined offset: 1 in [/var/www/dashboard/app/controllers/timesheets_controller.php, line 57]
2012-09-13 10:22:54 Notice: Notice (8): Undefined offset: 1 in [/var/www/dashboard/app/controllers/timesheets_controller.php, line 60]
2012-09-13 10:23:19 Notice: Notice (8): Undefined offset: 1 in [/var/www/dashboard/app/controllers/timesheets_controller.php, line 57]
2012-09-13 10:23:43 Notice: Notice (8): Undefined offset: 1 in [/var/www/dashboard/app/controllers/timesheets_controller.php, line 60]
2012-09-13 10:49:30 Notice: Notice (8): Array to string conversion in [/var/www/dashboard/cake/libs/model/datasources/dbo_source.php, line 747]
2012-09-13 10:50:18 Notice: Notice (8): Array to string conversion in [/var/www/dashboard/cake/libs/model/datasources/dbo_source.php, line 747]
2012-09-13 10:56:05 Notice: Notice (8): Array to string conversion in [/var/www/dashboard/cake/libs/model/datasources/dbo_source.php, line 747]
2012-09-13 11:54:28 Notice: Notice (8): Array to string conversion in [/var/www/dashboard/cake/libs/model/datasources/dbo_source.php, line 2218]
2012-09-13 11:56:54 Notice: Notice (8): session_start() [http://php.net/function.session-start]: ps_files_cleanup_dir: opendir(/var/lib/php5) failed: Permission denied (13) in [/var/www/dashboard/cake/libs/cake_session.php, line 587]
2012-09-13 12:56:52 Notice: Notice (8): session_start() [http://php.net/function.session-start]: ps_files_cleanup_dir: opendir(/var/lib/php5) failed: Permission denied (13) in [/var/www/dashboard/cake/libs/cake_session.php, line 587]
2012-09-13 12:59:25 Notice: Notice (8): session_start() [http://php.net/function.session-start]: ps_files_cleanup_dir: opendir(/var/lib/php5) failed: Permission denied (13) in [/var/www/dashboard/cake/libs/cake_session.php, line 587]
2012-09-13 13:21:12 Notice: Notice (8): Array to string conversion in [/var/www/dashboard/cake/libs/model/datasources/dbo_source.php, line 747]
2012-09-13 13:23:11 Notice: Notice (8): Array to string conversion in [/var/www/dashboard/cake/libs/model/datasources/dbo_source.php, line 747]
2012-09-13 13:24:28 Notice: Notice (8): Array to string conversion in [/var/www/dashboard/cake/libs/model/datasources/dbo_source.php, line 747]
2012-09-13 13:38:33 Notice: Notice (8): session_start() [http://php.net/function.session-start]: ps_files_cleanup_dir: opendir(/var/lib/php5) failed: Permission denied (13) in [/var/www/dashboard/cake/libs/cake_session.php, line 587]
2012-09-13 14:10:33 Notice: Notice (8): Undefined index: sr_research_associate in [/var/www/dashboard/app/controllers/projects_controller.php, line 147]
2012-09-13 14:10:33 Notice: Notice (8): Undefined index: research_associate in [/var/www/dashboard/app/controllers/projects_controller.php, line 148]
2012-09-13 14:19:18 Notice: Notice (8): session_start() [http://php.net/function.session-start]: ps_files_cleanup_dir: opendir(/var/lib/php5) failed: Permission denied (13) in [/var/www/dashboard/cake/libs/cake_session.php, line 587]
2012-09-14 12:17:27 Notice: Notice (8): Uninitialized string offset: 0 in [/var/www/dashboard/app/models/upload.php, line 21]
2012-09-14 12:17:27 Notice: Notice (8): Uninitialized string offset: 0 in [/var/www/dashboard/app/models/upload.php, line 25]
2012-09-14 12:22:45 Notice: Notice (8): Uninitialized string offset: 0 in [/var/www/dashboard/app/models/upload.php, line 21]
2012-09-14 12:22:45 Notice: Notice (8): Uninitialized string offset: 0 in [/var/www/dashboard/app/models/upload.php, line 25]
2012-09-14 12:23:31 Notice: Notice (8): Uninitialized string offset: 0 in [/var/www/dashboard/app/models/upload.php, line 21]
2012-09-14 12:23:31 Notice: Notice (8): Uninitialized string offset: 0 in [/var/www/dashboard/app/models/upload.php, line 25]
2012-09-14 12:30:54 Notice: Notice (8): Undefined index: Upload in [/var/www/dashboard/app/plugins/comments/views/comments/index.ctp, line 39]
2012-09-14 12:35:34 Notice: Notice (8): Undefined index: 0 in [/var/www/dashboard/app/plugins/comments/views/comments/index.ctp, line 39]
2012-09-14 12:36:02 Notice: Notice (8): Undefined index: 0 in [/var/www/dashboard/app/plugins/comments/views/comments/index.ctp, line 39]
2012-09-14 12:36:04 Notice: Notice (8): Undefined index: 0 in [/var/www/dashboard/app/plugins/comments/views/comments/index.ctp, line 39]
2012-09-14 12:36:07 Notice: Notice (8): Undefined index: 0 in [/var/www/dashboard/app/plugins/comments/views/comments/index.ctp, line 39]
2012-09-14 12:36:08 Notice: Notice (8): Undefined index: 0 in [/var/www/dashboard/app/plugins/comments/views/comments/index.ctp, line 39]
2012-09-14 12:36:09 Notice: Notice (8): Undefined index: 0 in [/var/www/dashboard/app/plugins/comments/views/comments/index.ctp, line 39]
2012-09-14 12:36:13 Notice: Notice (8): Undefined index: 0 in [/var/www/dashboard/app/plugins/comments/views/comments/index.ctp, line 39]
2012-09-14 12:36:37 Notice: Notice (8): Undefined index: 0 in [/var/www/dashboard/app/plugins/comments/views/comments/index.ctp, line 39]
2012-09-14 12:37:38 Notice: Notice (8): Undefined index: 0 in [/var/www/dashboard/app/plugins/comments/views/comments/index.ctp, line 39]
2012-09-14 12:37:55 Notice: Notice (8): Undefined index: 0 in [/var/www/dashboard/app/plugins/comments/views/comments/index.ctp, line 39]
2012-09-14 12:38:13 Notice: Notice (8): Undefined index: 0 in [/var/www/dashboard/app/plugins/comments/views/comments/index.ctp, line 39]
2012-09-14 12:38:14 Notice: Notice (8): Undefined index: 0 in [/var/www/dashboard/app/plugins/comments/views/comments/index.ctp, line 39]
2012-09-14 12:38:30 Notice: Notice (8): Undefined index: 0 in [/var/www/dashboard/app/plugins/comments/views/comments/index.ctp, line 39]
2012-09-14 12:38:40 Notice: Notice (8): Undefined index: 0 in [/var/www/dashboard/app/plugins/comments/views/comments/index.ctp, line 39]
2012-09-14 12:38:46 Notice: Notice (8): Undefined index: 0 in [/var/www/dashboard/app/plugins/comments/views/comments/index.ctp, line 39]
2012-09-14 12:38:57 Notice: Notice (8): Undefined index: 0 in [/var/www/dashboard/app/plugins/comments/views/comments/index.ctp, line 39]
2012-09-14 12:39:38 Notice: Notice (8): Undefined index: 0 in [/var/www/dashboard/app/plugins/comments/views/comments/index.ctp, line 39]
2012-09-14 12:40:12 Notice: Notice (8): Undefined index: 0 in [/var/www/dashboard/app/plugins/comments/views/comments/index.ctp, line 39]
2012-09-14 12:40:32 Notice: Notice (8): Undefined index: 0 in [/var/www/dashboard/app/plugins/comments/views/comments/index.ctp, line 39]
2012-09-14 13:55:26 Notice: Notice (8): Undefined index: Attachment in [/var/www/dashboard/app/plugins/coments/controllers/coments_controller.php, line 101]
2012-09-14 13:55:27 Notice: Notice (8): Undefined variable: comment in [/var/www/dashboard/app/plugins/coments/views/coments/index.ctp, line 37]
2012-09-14 13:56:26 Notice: Notice (8): Undefined index: Attachment in [/var/www/dashboard/app/plugins/coments/controllers/coments_controller.php, line 101]
2012-09-14 13:57:06 Notice: Notice (8): Undefined index: Attachment in [/var/www/dashboard/app/plugins/coments/controllers/coments_controller.php, line 101]
2012-09-14 13:57:13 Notice: Notice (8): Undefined index: Attachment in [/var/www/dashboard/app/plugins/coments/controllers/coments_controller.php, line 101]
2012-09-14 13:57:57 Notice: Notice (8): Undefined index: Attachment in [/var/www/dashboard/app/plugins/coments/controllers/coments_controller.php, line 101]
2012-09-14 13:58:33 Notice: Notice (8): Undefined index: Attachment in [/var/www/dashboard/app/plugins/coments/controllers/coments_controller.php, line 101]
2012-09-14 14:04:40 Notice: Notice (8): Undefined index: Attachment in [/var/www/dashboard/app/plugins/coments/controllers/coments_controller.php, line 101]
2012-09-14 14:04:51 Notice: Notice (8): Undefined index: Attachment in [/var/www/dashboard/app/plugins/coments/controllers/coments_controller.php, line 101]
2012-09-14 14:04:58 Notice: Notice (8): Undefined index: Attachment in [/var/www/dashboard/app/plugins/coments/controllers/coments_controller.php, line 101]
2012-09-14 14:05:13 Notice: Notice (8): Undefined index: Attachment in [/var/www/dashboard/app/plugins/coments/controllers/coments_controller.php, line 101]
2012-09-14 14:05:57 Notice: Notice (8): Undefined index: Attachment in [/var/www/dashboard/app/plugins/coments/controllers/coments_controller.php, line 101]
2012-09-14 14:06:35 Notice: Notice (8): Undefined index: Attachment in [/var/www/dashboard/app/plugins/coments/controllers/coments_controller.php, line 101]
2012-09-14 14:06:39 Notice: Notice (8): Undefined index: Attachment in [/var/www/dashboard/app/plugins/coments/controllers/coments_controller.php, line 101]
2012-09-14 14:06:42 Notice: Notice (8): Undefined index: Attachment in [/var/www/dashboard/app/plugins/coments/controllers/coments_controller.php, line 101]
2012-09-14 14:06:44 Notice: Notice (8): Undefined index: Attachment in [/var/www/dashboard/app/plugins/coments/controllers/coments_controller.php, line 101]
2012-09-14 14:06:47 Notice: Notice (8): Undefined index: Attachment in [/var/www/dashboard/app/plugins/coments/controllers/coments_controller.php, line 101]
2012-09-14 14:06:49 Notice: Notice (8): Undefined index: Attachment in [/var/www/dashboard/app/plugins/coments/controllers/coments_controller.php, line 101]
2012-09-14 14:06:51 Notice: Notice (8): Undefined index: Attachment in [/var/www/dashboard/app/plugins/coments/controllers/coments_controller.php, line 101]
2012-09-14 14:06:53 Notice: Notice (8): Undefined index: Attachment in [/var/www/dashboard/app/plugins/coments/controllers/coments_controller.php, line 101]
2012-09-14 14:07:07 Notice: Notice (8): Undefined index: Attachment in [/var/www/dashboard/app/plugins/coments/controllers/coments_controller.php, line 101]
2012-09-14 14:07:27 Notice: Notice (8): Undefined index: Attachment in [/var/www/dashboard/app/plugins/coments/controllers/coments_controller.php, line 101]
2012-09-14 14:07:39 Notice: Notice (8): Undefined index: Attachment in [/var/www/dashboard/app/plugins/coments/controllers/coments_controller.php, line 101]
2012-09-14 14:08:21 Notice: Notice (8): Uninitialized string offset: 0 in [/var/www/dashboard/app/models/attachment.php, line 21]
2012-09-14 14:08:21 Notice: Notice (8): Uninitialized string offset: 0 in [/var/www/dashboard/app/models/attachment.php, line 25]
2012-09-14 14:08:25 Notice: Notice (8): Uninitialized string offset: 0 in [/var/www/dashboard/app/models/attachment.php, line 21]
2012-09-14 14:08:25 Notice: Notice (8): Uninitialized string offset: 0 in [/var/www/dashboard/app/models/attachment.php, line 25]
2012-09-14 14:15:03 Notice: Notice (8): Uninitialized string offset: 0 in [/var/www/dashboard/app/models/attachment.php, line 21]
2012-09-14 14:15:03 Notice: Notice (8): Uninitialized string offset: 0 in [/var/www/dashboard/app/models/attachment.php, line 25]
2012-09-14 14:15:14 Notice: Notice (8): Uninitialized string offset: 0 in [/var/www/dashboard/app/models/attachment.php, line 21]
2012-09-14 14:15:14 Notice: Notice (8): Uninitialized string offset: 0 in [/var/www/dashboard/app/models/attachment.php, line 25]
2012-09-14 14:15:19 Notice: Notice (8): Uninitialized string offset: 0 in [/var/www/dashboard/app/models/attachment.php, line 21]
2012-09-14 14:15:19 Notice: Notice (8): Uninitialized string offset: 0 in [/var/www/dashboard/app/models/attachment.php, line 25]
2012-09-14 14:15:34 Notice: Notice (8): Uninitialized string offset: 0 in [/var/www/dashboard/app/models/attachment.php, line 21]
2012-09-14 14:15:34 Notice: Notice (8): Uninitialized string offset: 0 in [/var/www/dashboard/app/models/attachment.php, line 25]
2012-09-14 14:15:40 Notice: Notice (8): Uninitialized string offset: 0 in [/var/www/dashboard/app/models/attachment.php, line 21]
2012-09-14 14:15:40 Notice: Notice (8): Uninitialized string offset: 0 in [/var/www/dashboard/app/models/attachment.php, line 25]
2012-09-14 14:15:48 Notice: Notice (8): Uninitialized string offset: 0 in [/var/www/dashboard/app/models/attachment.php, line 21]
2012-09-14 14:15:48 Notice: Notice (8): Uninitialized string offset: 0 in [/var/www/dashboard/app/models/attachment.php, line 25]
2012-09-14 14:15:58 Notice: Notice (8): Uninitialized string offset: 0 in [/var/www/dashboard/app/models/attachment.php, line 21]
2012-09-14 14:15:58 Notice: Notice (8): Uninitialized string offset: 0 in [/var/www/dashboard/app/models/attachment.php, line 25]
2012-09-14 14:16:04 Notice: Notice (8): Uninitialized string offset: 0 in [/var/www/dashboard/app/models/attachment.php, line 21]
2012-09-14 14:16:04 Notice: Notice (8): Uninitialized string offset: 0 in [/var/www/dashboard/app/models/attachment.php, line 25]
2012-09-14 14:18:49 Notice: Notice (8): Uninitialized string offset: 0 in [/var/www/dashboard/app/models/attachment.php, line 21]
2012-09-14 14:18:49 Notice: Notice (8): Uninitialized string offset: 0 in [/var/www/dashboard/app/models/attachment.php, line 25]
2012-09-14 14:18:58 Notice: Notice (8): Uninitialized string offset: 0 in [/var/www/dashboard/app/models/attachment.php, line 21]
2012-09-14 14:18:58 Notice: Notice (8): Uninitialized string offset: 0 in [/var/www/dashboard/app/models/attachment.php, line 25]
2012-09-14 14:19:03 Notice: Notice (8): Uninitialized string offset: 0 in [/var/www/dashboard/app/models/attachment.php, line 21]
2012-09-14 14:19:03 Notice: Notice (8): Uninitialized string offset: 0 in [/var/www/dashboard/app/models/attachment.php, line 25]
2012-09-14 14:19:11 Notice: Notice (8): Uninitialized string offset: 0 in [/var/www/dashboard/app/models/attachment.php, line 21]
2012-09-14 14:19:11 Notice: Notice (8): Uninitialized string offset: 0 in [/var/www/dashboard/app/models/attachment.php, line 25]
2012-09-14 14:19:14 Notice: Notice (8): Uninitialized string offset: 0 in [/var/www/dashboard/app/models/attachment.php, line 21]
2012-09-14 14:19:14 Notice: Notice (8): Uninitialized string offset: 0 in [/var/www/dashboard/app/models/attachment.php, line 25]
2012-09-14 14:22:11 Notice: Notice (8): Uninitialized string offset: 0 in [/var/www/dashboard/app/models/attachment.php, line 21]
2012-09-14 14:22:11 Notice: Notice (8): Uninitialized string offset: 0 in [/var/www/dashboard/app/models/attachment.php, line 25]
2012-09-14 14:22:22 Notice: Notice (8): Uninitialized string offset: 0 in [/var/www/dashboard/app/models/attachment.php, line 21]
2012-09-14 14:22:22 Notice: Notice (8): Uninitialized string offset: 0 in [/var/www/dashboard/app/models/attachment.php, line 25]
2012-09-14 14:22:26 Notice: Notice (8): Uninitialized string offset: 0 in [/var/www/dashboard/app/models/attachment.php, line 21]
2012-09-14 14:22:26 Notice: Notice (8): Uninitialized string offset: 0 in [/var/www/dashboard/app/models/attachment.php, line 25]
2012-09-14 14:22:30 Notice: Notice (8): Uninitialized string offset: 0 in [/var/www/dashboard/app/models/attachment.php, line 21]
2012-09-14 14:22:30 Notice: Notice (8): Uninitialized string offset: 0 in [/var/www/dashboard/app/models/attachment.php, line 25]
2012-09-14 14:23:47 Notice: Notice (8): Uninitialized string offset: 0 in [/var/www/dashboard/app/models/attachment.php, line 21]
2012-09-14 14:23:47 Notice: Notice (8): Uninitialized string offset: 0 in [/var/www/dashboard/app/models/attachment.php, line 25]
2012-09-14 15:01:57 Notice: Notice (8): Uninitialized string offset: 0 in [/var/www/dashboard/app/models/attachment.php, line 21]
2012-09-14 15:01:57 Notice: Notice (8): Uninitialized string offset: 0 in [/var/www/dashboard/app/models/attachment.php, line 25]
2012-09-14 15:02:06 Notice: Notice (8): Uninitialized string offset: 0 in [/var/www/dashboard/app/models/attachment.php, line 21]
2012-09-14 15:02:06 Notice: Notice (8): Uninitialized string offset: 0 in [/var/www/dashboard/app/models/attachment.php, line 25]
2012-09-14 15:02:10 Notice: Notice (8): Uninitialized string offset: 0 in [/var/www/dashboard/app/models/attachment.php, line 21]
2012-09-14 15:02:10 Notice: Notice (8): Uninitialized string offset: 0 in [/var/www/dashboard/app/models/attachment.php, line 25]
2012-09-14 15:02:14 Notice: Notice (8): Uninitialized string offset: 0 in [/var/www/dashboard/app/models/attachment.php, line 21]
2012-09-14 15:02:14 Notice: Notice (8): Uninitialized string offset: 0 in [/var/www/dashboard/app/models/attachment.php, line 25]
2012-09-14 17:55:17 Notice: Notice (8): session_start() [http://php.net/function.session-start]: ps_files_cleanup_dir: opendir(/var/lib/php5) failed: Permission denied (13) in [/var/www/dashboard/cake/libs/cake_session.php, line 587]
2012-09-14 18:00:53 Notice: Notice (8): session_start() [http://php.net/function.session-start]: ps_files_cleanup_dir: opendir(/var/lib/php5) failed: Permission denied (13) in [/var/www/dashboard/cake/libs/cake_session.php, line 587]
2012-09-15 11:18:47 Notice: Notice (8): session_start() [http://php.net/function.session-start]: ps_files_cleanup_dir: opendir(/var/lib/php5) failed: Permission denied (13) in [/var/www/dashboard/cake/libs/cake_session.php, line 587]
2012-09-19 10:53:13 Notice: Notice (8): Undefined variable: model in [/var/www/dashboard/app/plugins/comments/controllers/comments_controller.php, line 74]
2012-09-19 10:53:13 Notice: Notice (8): Undefined variable: id in [/var/www/dashboard/app/plugins/comments/controllers/comments_controller.php, line 75]
2012-09-19 10:53:13 Notice: Notice (8): Undefined variable: model in [/var/www/dashboard/app/plugins/comments/controllers/comments_controller.php, line 86]
2012-09-19 10:53:13 Notice: Notice (8): Undefined variable: id in [/var/www/dashboard/app/plugins/comments/controllers/comments_controller.php, line 87]
2012-09-19 10:55:09 Notice: Notice (8): Undefined variable: model in [/var/www/dashboard/app/plugins/comments/controllers/comments_controller.php, line 74]
2012-09-19 10:55:09 Notice: Notice (8): Undefined variable: id in [/var/www/dashboard/app/plugins/comments/controllers/comments_controller.php, line 75]
2012-09-19 10:55:09 Notice: Notice (8): Undefined variable: model in [/var/www/dashboard/app/plugins/comments/controllers/comments_controller.php, line 86]
2012-09-19 10:55:09 Notice: Notice (8): Undefined variable: id in [/var/www/dashboard/app/plugins/comments/controllers/comments_controller.php, line 87]
2012-09-19 11:31:59 Notice: Notice (8): Undefined index: sr_research_associate in [/var/www/dashboard/app/controllers/projects_controller.php, line 147]
2012-09-19 11:31:59 Notice: Notice (8): Undefined index: research_associate in [/var/www/dashboard/app/controllers/projects_controller.php, line 148]
2012-09-19 14:07:46 Notice: Notice (8): session_start() [http://php.net/function.session-start]: ps_files_cleanup_dir: opendir(/var/lib/php5) failed: Permission denied (13) in [/var/www/dashboard/cake/libs/cake_session.php, line 587]
2012-09-19 17:00:31 Notice: Notice (8): Undefined variable: model in [/var/www/dashboard/app/plugins/comments/controllers/comments_controller.php, line 74]
2012-09-19 17:00:31 Notice: Notice (8): Undefined variable: id in [/var/www/dashboard/app/plugins/comments/controllers/comments_controller.php, line 75]
2012-09-19 17:00:31 Notice: Notice (8): Undefined variable: model in [/var/www/dashboard/app/plugins/comments/controllers/comments_controller.php, line 86]
2012-09-19 17:00:31 Notice: Notice (8): Undefined variable: id in [/var/www/dashboard/app/plugins/comments/controllers/comments_controller.php, line 87]
2012-09-20 09:54:38 Notice: Notice (8): Undefined variable: model in [/var/www/dashboard/app/plugins/comments/controllers/comments_controller.php, line 74]
2012-09-20 09:54:38 Notice: Notice (8): Undefined variable: id in [/var/www/dashboard/app/plugins/comments/controllers/comments_controller.php, line 75]
2012-09-20 09:54:38 Notice: Notice (8): Undefined variable: model in [/var/www/dashboard/app/plugins/comments/controllers/comments_controller.php, line 86]
2012-09-20 09:54:38 Notice: Notice (8): Undefined variable: id in [/var/www/dashboard/app/plugins/comments/controllers/comments_controller.php, line 87]
2012-09-20 09:54:46 Notice: Notice (8): Undefined variable: model in [/var/www/dashboard/app/plugins/comments/controllers/comments_controller.php, line 74]
2012-09-20 09:54:46 Notice: Notice (8): Undefined variable: id in [/var/www/dashboard/app/plugins/comments/controllers/comments_controller.php, line 75]
2012-09-20 09:54:46 Notice: Notice (8): Undefined variable: model in [/var/www/dashboard/app/plugins/comments/controllers/comments_controller.php, line 86]
2012-09-20 09:54:46 Notice: Notice (8): Undefined variable: id in [/var/www/dashboard/app/plugins/comments/controllers/comments_controller.php, line 87]
2012-09-20 10:28:26 Notice: Notice (8): Undefined variable: model in [/var/www/dashboard/app/plugins/comments/controllers/comments_controller.php, line 74]
2012-09-20 10:28:26 Notice: Notice (8): Undefined variable: id in [/var/www/dashboard/app/plugins/comments/controllers/comments_controller.php, line 75]
2012-09-20 10:28:26 Notice: Notice (8): Undefined variable: model in [/var/www/dashboard/app/plugins/comments/controllers/comments_controller.php, line 86]
2012-09-20 10:28:26 Notice: Notice (8): Undefined variable: id in [/var/www/dashboard/app/plugins/comments/controllers/comments_controller.php, line 87]
2012-09-20 11:18:34 Notice: Notice (8): session_start() [http://php.net/function.session-start]: ps_files_cleanup_dir: opendir(/var/lib/php5) failed: Permission denied (13) in [/var/www/dashboard/cake/libs/cake_session.php, line 587]
2012-09-20 11:40:29 Notice: Notice (8): Undefined variable: model in [/var/www/dashboard/app/plugins/comments/controllers/comments_controller.php, line 74]
2012-09-20 11:40:29 Notice: Notice (8): Undefined variable: id in [/var/www/dashboard/app/plugins/comments/controllers/comments_controller.php, line 75]
2012-09-20 11:40:29 Notice: Notice (8): Undefined variable: model in [/var/www/dashboard/app/plugins/comments/controllers/comments_controller.php, line 86]
2012-09-20 11:40:29 Notice: Notice (8): Undefined variable: id in [/var/www/dashboard/app/plugins/comments/controllers/comments_controller.php, line 87]
2012-09-20 13:42:19 Notice: Notice (8): Undefined variable: project in [/var/www/dashboard/app/views/projects/edit.ctp, line 2]
2012-09-20 13:42:49 Notice: Notice (8): Undefined variable: project in [/var/www/dashboard/app/views/projects/edit.ctp, line 2]
2012-09-20 13:43:50 Notice: Notice (8): Undefined variable: project in [/var/www/dashboard/app/views/projects/edit.ctp, line 2]
2012-09-20 13:45:28 Notice: Notice (8): Undefined variable: project in [/var/www/dashboard/app/views/projects/edit.ctp, line 2]
2012-09-20 13:45:45 Notice: Notice (8): Undefined variable: project in [/var/www/dashboard/app/views/projects/edit.ctp, line 2]
2012-09-20 13:46:16 Notice: Notice (8): session_start() [http://php.net/function.session-start]: ps_files_cleanup_dir: opendir(/var/lib/php5) failed: Permission denied (13) in [/var/www/dashboard/cake/libs/cake_session.php, line 587]
2012-09-20 13:47:15 Notice: Notice (8): Undefined variable: project in [/var/www/dashboard/app/views/projects/edit.ctp, line 2]
2012-09-20 13:51:35 Notice: Notice (8): Undefined variable: project in [/var/www/dashboard/app/views/projects/edit.ctp, line 2]
2012-09-20 13:55:18 Notice: Notice (8): Undefined variable: project in [/var/www/dashboard/app/views/projects/edit.ctp, line 2]
2012-09-20 14:33:02 Notice: Notice (8): Undefined variable: project in [/var/www/dashboard/app/views/projects/edit.ctp, line 2]
2012-09-20 15:07:30 Notice: Notice (8): Undefined variable: project in [/var/www/dashboard/app/views/projects/edit.ctp, line 2]
2012-09-20 15:17:54 Notice: Notice (8): Undefined variable: project in [/var/www/dashboard/app/views/projects/edit.ctp, line 2]
2012-09-21 11:59:59 Notice: Notice (8): session_start() [http://php.net/function.session-start]: ps_files_cleanup_dir: opendir(/var/lib/php5) failed: Permission denied (13) in [/var/www/dashboard/cake/libs/cake_session.php, line 587]
2012-09-21 12:13:53 Notice: Notice (8): session_start() [http://php.net/function.session-start]: ps_files_cleanup_dir: opendir(/var/lib/php5) failed: Permission denied (13) in [/var/www/dashboard/cake/libs/cake_session.php, line 587]
2012-09-21 13:35:48 Notice: Notice (8): session_start() [http://php.net/function.session-start]: ps_files_cleanup_dir: opendir(/var/lib/php5) failed: Permission denied (13) in [/var/www/dashboard/cake/libs/cake_session.php, line 587]
2012-09-21 15:03:23 Notice: Notice (8): Undefined variable: usercondition in [/var/www/dashboard/app/views/users/forgatepw.ctp, line 3]
2012-09-21 15:04:58 Notice: Notice (8): Undefined variable: usercondition in [/var/www/dashboard/app/views/users/forgatepw.ctp, line 2]
2012-09-21 15:19:56 Notice: Notice (8): session_start() [http://php.net/function.session-start]: ps_files_cleanup_dir: opendir(/var/lib/php5) failed: Permission denied (13) in [/var/www/dashboard/cake/libs/cake_session.php, line 587]
2012-09-24 10:26:33 Notice: Notice (8): session_start() [http://php.net/function.session-start]: ps_files_cleanup_dir: opendir(/var/lib/php5) failed: Permission denied (13) in [/var/www/dashboard/cake/libs/cake_session.php, line 587]
2012-09-24 12:28:24 Notice: Notice (8): session_start() [http://php.net/function.session-start]: ps_files_cleanup_dir: opendir(/var/lib/php5) failed: Permission denied (13) in [/var/www/dashboard/cake/libs/cake_session.php, line 587]
2012-09-24 13:40:31 Notice: Notice (8): session_start() [http://php.net/function.session-start]: ps_files_cleanup_dir: opendir(/var/lib/php5) failed: Permission denied (13) in [/var/www/dashboard/cake/libs/cake_session.php, line 587]
2012-09-24 15:00:11 Notice: Notice (8): session_start() [http://php.net/function.session-start]: ps_files_cleanup_dir: opendir(/var/lib/php5) failed: Permission denied (13) in [/var/www/dashboard/cake/libs/cake_session.php, line 587]
2012-09-24 15:13:39 Notice: Notice (8): session_start() [http://php.net/function.session-start]: ps_files_cleanup_dir: opendir(/var/lib/php5) failed: Permission denied (13) in [/var/www/dashboard/cake/libs/cake_session.php, line 587]
2012-09-24 16:28:47 Notice: Notice (8): Use of undefined constant php - assumed 'php' in [/var/www/dashboard/app/views/groups/add.ctp, line 6]
2012-09-24 16:57:20 Notice: Notice (8): session_start() [http://php.net/function.session-start]: ps_files_cleanup_dir: opendir(/var/lib/php5) failed: Permission denied (13) in [/var/www/dashboard/cake/libs/cake_session.php, line 587]
2012-09-25 12:51:16 Notice: Notice (8): session_start() [http://php.net/function.session-start]: ps_files_cleanup_dir: opendir(/var/lib/php5) failed: Permission denied (13) in [/var/www/dashboard/cake/libs/cake_session.php, line 587]
2012-09-25 13:32:38 Notice: Notice (8): Undefined property: UsersController::$authUser in [/var/www/dashboard/app/controllers/users_controller.php, line 136]
2012-09-25 13:32:50 Notice: Notice (8): Undefined property: UsersController::$authUser in [/var/www/dashboard/app/controllers/users_controller.php, line 136]
2012-09-25 13:52:49 Notice: Notice (8): Undefined property: AuthComponent::$User in [/var/www/dashboard/app/controllers/users_controller.php, line 136]
2012-09-25 13:54:28 Notice: Notice (8): Undefined property: AuthComponent::$User in [/var/www/dashboard/app/controllers/users_controller.php, line 136]
2012-09-25 14:10:32 Notice: Notice (8): Undefined property: UsersController::$authUser in [/var/www/dashboard/app/controllers/users_controller.php, line 136]
2012-09-25 14:10:42 Notice: Notice (8): Undefined property: UsersController::$authUser in [/var/www/dashboard/app/controllers/users_controller.php, line 136]
2012-09-25 14:22:38 Notice: Notice (8): Undefined property: UsersController::$authUser in [/var/www/dashboard/app/controllers/users_controller.php, line 148]
2012-09-25 14:22:38 Notice: Notice (8): Undefined property: UsersController::$authUser in [/var/www/dashboard/app/controllers/users_controller.php, line 156]
2012-09-25 14:22:38 Notice: Notice (8): Undefined property: UsersController::$authUser in [/var/www/dashboard/app/controllers/users_controller.php, line 157]
2012-09-25 15:02:46 Notice: Notice (8): Undefined offset: 0 in [/var/www/dashboard/cake/libs/model/model.php, line 1122]
2012-09-25 15:02:58 Notice: Notice (8): Undefined offset: 0 in [/var/www/dashboard/cake/libs/model/model.php, line 1122]
2012-09-25 15:03:54 Notice: Notice (8): Undefined offset: 0 in [/var/www/dashboard/cake/libs/model/model.php, line 1122]
2012-09-25 16:29:29 Notice: Notice (8): session_start() [http://php.net/function.session-start]: ps_files_cleanup_dir: opendir(/var/lib/php5) failed: Permission denied (13) in [/var/www/dashboard/cake/libs/cake_session.php, line 587]
2012-09-25 16:43:56 Notice: Notice (8): Undefined index: password in [/var/www/dashboard/app/controllers/users_controller.php, line 145]
2012-09-25 17:58:41 Notice: Notice (8): Undefined variable: dbuser in [/var/www/dashboard/app/controllers/users_controller.php, line 139]
2012-09-25 17:58:57 Notice: Notice (8): Undefined variable: dbuser in [/var/www/dashboard/app/controllers/users_controller.php, line 139]
2012-09-25 18:11:45 Notice: Notice (8): Undefined offset: 1 in [/var/www/dashboard/app/controllers/users_controller.php, line 142]
2012-09-25 18:12:01 Notice: Notice (8): Undefined index: 1 in [/var/www/dashboard/app/controllers/users_controller.php, line 142]
2012-09-25 18:12:14 Notice: Notice (8): Undefined index: 0 in [/var/www/dashboard/app/controllers/users_controller.php, line 142]
